Arguments: 
  C:\Program Files\nodejs\node.exe C:\Users\mikob\AppData\Roaming\npm\node_modules\yarn\bin\yarn.js init

PATH: 
  C:\Users\mikob\bin;C:\Program Files\Git\mingw64\bin;C:\Program Files\Git\usr\local\bin;C:\Program Files\Git\usr\bin;C:\Program Files\Git\usr\bin;C:\Program Files\Git\mingw64\bin;C:\Program Files\Git\usr\bin;C:\Users\mikob\bin;C:\Program Files\Common Files\Oracle\Java\javapath;C:\Python311\Scripts;C:\Python311;C:\Windows\system32;C:\Windows;C:\Windows\System32\Wbem;C:\Windows\System32\WindowsPowerShell\v1.0;C:\Windows\System32\OpenSSH;C:\Program Files (x86)\NVIDIA Corporation\PhysX\Common;C:\Program Files\NVIDIA Corporation\NVIDIA NvDLISR;C:\Program Files\Git\cmd;C:\Program Files\dotnet;C:\ProgramData\chocolatey\bin;%NVM_HOME%;%NVM_SYMLINK%;C:\Users\mikob\AppData\Local\Microsoft\WindowsApps;C:\Users\mikob\AppData\Local\Programs\Microsoft VS Code\bin;C:\Users\mikob\AppData\Local\GitHubDesktop\bin;C:\Users\mikob\AppData\Roaming\npm;C:\Users\mikob\AppData\Roaming\nvm;C:\Program Files\nodejs;C:\Program Files\Git\usr\bin\vendor_perl;C:\Program Files\Git\usr\bin\core_perl

Yarn version: 
  1.22.19

Node version: 
  18.17.1

Platform: 
  win32 x64

Trace: 
  Error: Can't answer a question unless a user TTY
      at ConsoleReporter.question (C:\Users\mikob\AppData\Roaming\npm\node_modules\yarn\lib\cli.js:92864:59)
      at Object.<anonymous> (C:\Users\mikob\AppData\Roaming\npm\node_modules\yarn\lib\cli.js:85054:38)
      at Generator.next (<anonymous>)
      at step (C:\Users\mikob\AppData\Roaming\npm\node_modules\yarn\lib\cli.js:310:30)
      at C:\Users\mikob\AppData\Roaming\npm\node_modules\yarn\lib\cli.js:321:13
      at process.processTicksAndRejections (node:internal/process/task_queues:95:5)

npm manifest: 
  {
    "name": "template",
    "version": "0.0.0",
    "private": true,
    "type": "module",
    "scripts": {
      "start": "cross-env NODE_ENV=production node ./server.js",
      "start:dev": "cross-env NODE_ENV=development nodemon ./server.js",
      "lint": "eslint **/*.js",
      "lint:fix": "eslint --fix **/*.js"
    },
    "dependencies": {
      "cors": "2.8.5",
      "cross-env": "7.0.3",
      "express": "4.17.1",
      "morgan": "1.10.0"
    },
    "devDependencies": {
      "eslint": "7.19.0",
      "eslint-config-prettier": "^8.3.0",
      "eslint-config-standard": "16.0.3",
      "eslint-plugin-import": "2.25.3",
      "eslint-plugin-node": "^11.1.0",
      "eslint-plugin-promise": "5.2.0",
      "nodemon": "2.0.15"
    }
  }

yarn manifest: 
  No manifest

Lockfile: 
  No lockfile
